Project6/app/build/intermediates/manifest_merge_blame_file/release/manifest-merger-blame-release-report.txt
1<?xml version="1.0" encoding="utf-8"?>
2<manifest xmlns:android="http://schemas.android.com/apk/res/android"
3    package="com.byted.camp.todolist"
4    android:versionCode="1"
5    android:versionName="1.0" >
6
7    <uses-sdk
8        android:minSdkVersion="21"
8-->src\main\AndroidManifest.xml
9        android:targetSdkVersion="28" />
9-->src\main\AndroidManifest.xml
10
11    <uses-permission android:name="android.permission.WRITE_EXTERNAL_STORAGE" />
11-->src\main\AndroidManifest.xml:6:5-81
11-->src\main\AndroidManifest.xml:6:22-78
12
13    <application
13-->src\main\AndroidManifest.xml:8:5-30:19
14        android:allowBackup="true"
14-->src\main\AndroidManifest.xml:9:9-35
15        android:appComponentFactory="android.support.v4.app.CoreComponentFactory"
15-->[com.android.support:support-compat:28.0.0] AndroidManifest.xml:22:18-91
16        android:icon="@mipmap/ic_launcher"
16-->src\main\AndroidManifest.xml:10:9-43
17        android:label="@string/app_name"
17-->src\main\AndroidManifest.xml:11:9-41
18        android:roundIcon="@mipmap/ic_launcher_round"
18-->src\main\AndroidManifest.xml:12:9-54
19        android:supportsRtl="true"
19-->src\main\AndroidManifest.xml:13:9-35
20        android:theme="@style/AppTheme" >
20-->src\main\AndroidManifest.xml:14:9-40
21        <activity
21-->src\main\AndroidManifest.xml:16:9-25:20
22            android:name="com.byted.camp.todolist.MainActivity"
22-->src\main\AndroidManifest.xml:17:13-41
23            android:label="@string/app_name"
23-->src\main\AndroidManifest.xml:18:13-45
24            android:theme="@style/AppTheme.NoActionBar" >
24-->src\main\AndroidManifest.xml:19:13-56
25            <intent-filter>
25-->src\main\AndroidManifest.xml:20:13-24:29
26                <action android:name="android.intent.action.MAIN" />
26-->src\main\AndroidManifest.xml:21:17-69
26-->src\main\AndroidManifest.xml:21:25-66
27
28                <category android:name="android.intent.category.LAUNCHER" />
28-->src\main\AndroidManifest.xml:23:17-77
28-->src\main\AndroidManifest.xml:23:27-74
29            </intent-filter>
30        </activity>
31        <activity android:name="com.byted.camp.todolist.debug.DebugActivity" />
31-->src\main\AndroidManifest.xml:26:9-57
31-->src\main\AndroidManifest.xml:26:19-54
32        <activity android:name="com.byted.camp.todolist.NoteActivity" />
32-->src\main\AndroidManifest.xml:27:9-50
32-->src\main\AndroidManifest.xml:27:19-47
33        <activity android:name="com.byted.camp.todolist.debug.FileDemoActivity" />
33-->src\main\AndroidManifest.xml:28:9-60
33-->src\main\AndroidManifest.xml:28:19-57
34        <activity android:name="com.byted.camp.todolist.debug.SpDemoActivity" />
34-->src\main\AndroidManifest.xml:29:9-58
34-->src\main\AndroidManifest.xml:29:19-55
35    </application>
36
37</manifest>